Log file open, 01/09/18 14:42:57
LogWindows: Failed to load 'aqProf.dll' (GetLastError=126)
LogWindows: File 'aqProf.dll' does not exist
LogWindows: Failed to load 'VtuneApi.dll' (GetLastError=126)
LogWindows: File 'VtuneApi.dll' does not exist
LogWindows: Failed to load 'VtuneApi32e.dll' (GetLastError=126)
LogWindows: File 'VtuneApi32e.dll' does not exist
LogInit: Display: Running engine for game: robosub_unreal
LogPlatformFile: Not using cached read wrapper
LogInit: Display: RandInit(-1179916886) SRandInit(-1179916886).
LogInit: Read version file with build ID '3709383'
LogInit: Overriding engine version to CL 3709383, compatible CL 3709383
LogInit: Registered custom module enumerator with build ID '3709383'
LogTaskGraph: Started task graph with 5 named threads and 14 total threads with 3 sets of task threads.
LogStats: Stats thread started at 0.164149
LogD3D11RHI: Aftermath initialized
LogPluginManager: Mounting plugin Paper2D
LogPluginManager: Mounting plugin LightPropagationVolume
LogPluginManager: Mounting plugin CodeLiteSourceCodeAccess
LogPluginManager: Mounting plugin GitSourceControl
LogPluginManager: Mounting plugin KDevelopSourceCodeAccess
LogPluginManager: Mounting plugin NullSourceCodeAccess
LogPluginManager: Mounting plugin PerforceSourceControl
LogPluginManager: Mounting plugin SubversionSourceControl
LogPluginManager: Mounting plugin UObjectPlugin
LogPluginManager: Mounting plugin VisualStudioCodeSourceCodeAccess
LogPluginManager: Mounting plugin VisualStudioSourceCodeAccess
LogPluginManager: Mounting plugin XCodeSourceCodeAccess
LogPluginManager: Mounting plugin AssetManagerEditor
LogPluginManager: Mounting plugin AudioCapture
LogPluginManager: Mounting plugin FacialAnimation
LogPluginManager: Mounting plugin GameplayTagsEditor
LogPluginManager: Mounting plugin MobileLauncherProfileWizard
LogPluginManager: Mounting plugin PluginBrowser
LogPluginManager: Mounting plugin SpeedTreeImporter
LogPluginManager: Mounting plugin AlembicImporter
LogPluginManager: Mounting plugin CharacterAI
LogPluginManager: Mounting plugin HTML5Networking
LogPluginManager: Mounting plugin AndroidMedia
LogPluginManager: Mounting plugin AvfMedia
LogPluginManager: Mounting plugin ImgMedia
LogPluginManager: Mounting plugin MediaCompositing
LogPluginManager: Mounting plugin MediaPlayerEditor
LogPluginManager: Mounting plugin WmfMedia
LogPluginManager: Mounting plugin TcpMessaging
LogPluginManager: Mounting plugin UdpMessaging
LogPluginManager: Mounting plugin ActorSequence
LogPluginManager: Mounting plugin LevelSequenceEditor
LogPluginManager: Mounting plugin MatineeToLevelSequence
LogPluginManager: Mounting plugin OnlineSubsystemGooglePlay
LogPluginManager: Mounting plugin OnlineSubsystemIOS
LogPluginManager: Mounting plugin OnlineSubsystem
LogPluginManager: Mounting plugin OnlineSubsystemNull
LogPluginManager: Mounting plugin OnlineSubsystemUtils
LogPluginManager: Mounting plugin AndroidDeviceProfileSelector
LogPluginManager: Mounting plugin AndroidMoviePlayer
LogPluginManager: Mounting plugin AndroidPermission
LogPluginManager: Mounting plugin AppleARKit
LogPluginManager: Mounting plugin AppleMoviePlayer
LogPluginManager: Mounting plugin ArchVisCharacter
LogPluginManager: Mounting plugin CableComponent
LogPluginManager: Mounting plugin CustomMeshComponent
LogPluginManager: Mounting plugin ExampleDeviceProfileSelector
LogPluginManager: Mounting plugin GoogleCloudMessaging
LogPluginManager: Mounting plugin ImmediatePhysics
LogPluginManager: Mounting plugin IOSDeviceProfileSelector
LogPluginManager: Mounting plugin LinuxDeviceProfileSelector
LogPluginManager: Mounting plugin LocationServicesBPLibrary
LogPluginManager: Mounting plugin MobilePatchingUtils
LogPluginManager: Mounting plugin OculusVR
LogPluginManager: Plugin shader directory ../../../Engine/Plugins/Runtime/Oculus/OculusVR/Shaders found
LogPluginManager: Mapping shader source directory ../../../Engine/Plugins/Runtime/Oculus/OculusVR/Shaders to virtual directory /Plugin/OculusVR
LogPluginManager: Mounting plugin PhysXVehicles
LogPluginManager: Mounting plugin ProceduralMeshComponent
LogPluginManager: Mounting plugin RuntimePhysXCooking
LogPluginManager: Mounting plugin SteamVR
LogPluginManager: Mounting plugin WindowsMoviePlayer
LogModuleManager: Display: Found up-to-date module file D:/Users/codsk_000/Documents/Unreal Projects/unreal_engine/robosub_unreal/Binaries/Win64/UE4Editor-robosub_unreal.dll (API version 3709383).
LogModuleManager: Display: Found up-to-date module file ../../../Engine/Plugins/2D/Paper2D/Binaries/Win64/UE4Editor-Paper2D.dll (API version 3709383).
LogModuleManager: Display: Found up-to-date module file ../../../Engine/Plugins/2D/Paper2D/Binaries/Win64/UE4Editor-Paper2DEditor.dll (API version 3709383).
LogModuleManager: Display: Found up-to-date module file ../../../Engine/Plugins/2D/Paper2D/Binaries/Win64/UE4Editor-PaperSpriteSheetImporter.dll (API version 3709383).
LogModuleManager: Display: Found up-to-date module file ../../../Engine/Plugins/2D/Paper2D/Binaries/Win64/UE4Editor-PaperTiledImporter.dll (API version 3709383).
LogModuleManager: Display: Found up-to-date module file ../../../Engine/Plugins/2D/Paper2D/Binaries/Win64/UE4Editor-SmartSnapping.dll (API version 3709383).
LogModuleManager: Display: Found up-to-date module file ../../../Engine/Plugins/Blendables/LightPropagationVolume/Binaries/Win64/UE4Editor-LightPropagationVolumeRuntime.dll (API version 3709383).
LogModuleManager: Display: Found up-to-date module file ../../../Engine/Plugins/Blendables/LightPropagationVolume/Binaries/Win64/UE4Editor-LightPropagationVolumeEditor.dll (API version 3709383).
LogModuleManager: Display: Found up-to-date module file ../../../Engine/Plugins/Developer/GitSourceControl/Binaries/Win64/UE4Editor-GitSourceControl.dll (API version 3709383).
LogModuleManager: Display: Found up-to-date module file ../../../Engine/Plugins/Developer/PerforceSourceControl/Binaries/Win64/UE4Editor-PerforceSourceControl.dll (API version 3709383).
LogModuleManager: Display: Found up-to-date module file ../../../Engine/Plugins/Developer/SubversionSourceControl/Binaries/Win64/UE4Editor-SubversionSourceControl.dll (API version 3709383).
LogModuleManager: Display: Found up-to-date module file ../../../Engine/Plugins/Developer/UObjectPlugin/Binaries/Win64/UE4Editor-UObjectPlugin.dll (API version 3709383).
LogModuleManager: Display: Found up-to-date module file ../../../Engine/Plugins/Developer/VisualStudioCodeSourceCodeAccess/Binaries/Win64/UE4Editor-VisualStudioCodeSourceCodeAccess.dll (API version 3709383).
LogModuleManager: Display: Found up-to-date module file ../../../Engine/Plugins/Developer/VisualStudioSourceCodeAccess/Binaries/Win64/UE4Editor-VisualStudioSourceCodeAccess.dll (API version 3709383).
LogModuleManager: Display: Found up-to-date module file ../../../Engine/Plugins/Editor/AssetManagerEditor/Binaries/Win64/UE4Editor-AssetManagerEditor.dll (API version 3709383).
LogModuleManager: Display: Found up-to-date module file ../../../Engine/Plugins/Editor/AudioCapture/Binaries/Win64/UE4Editor-AudioCapture.dll (API version 3709383).
LogModuleManager: Display: Found up-to-date module file ../../../Engine/Plugins/Editor/FacialAnimation/Binaries/Win64/UE4Editor-FacialAnimation.dll (API version 3709383).
LogModuleManager: Display: Found up-to-date module file ../../../Engine/Plugins/Editor/FacialAnimation/Binaries/Win64/UE4Editor-FacialAnimationEditor.dll (API version 3709383).
LogModuleManager: Display: Found up-to-date module file ../../../Engine/Plugins/Editor/GameplayTagsEditor/Binaries/Win64/UE4Editor-GameplayTagsEditor.dll (API version 3709383).
LogModuleManager: Display: Found up-to-date module file ../../../Engine/Plugins/Editor/MobileLauncherProfileWizard/Binaries/Win64/UE4Editor-MobileLauncherProfileWizard.dll (API version 3709383).
LogModuleManager: Display: Found up-to-date module file ../../../Engine/Plugins/Editor/PluginBrowser/Binaries/Win64/UE4Editor-PluginBrowser.dll (API version 3709383).
LogModuleManager: Display: Found up-to-date module file ../../../Engine/Plugins/Editor/SpeedTreeImporter/Binaries/Win64/UE4Editor-SpeedTreeImporter.dll (API version 3709383).
LogModuleManager: Display: Found up-to-date module file ../../../Engine/Plugins/Experimental/AlembicImporter/Binaries/Win64/UE4Editor-AlembicImporter.dll (API version 3709383).
LogModuleManager: Display: Found up-to-date module file ../../../Engine/Plugins/Experimental/AlembicImporter/Binaries/Win64/UE4Editor-AlembicLibrary.dll (API version 3709383).
LogModuleManager: Display: Found up-to-date module file ../../../Engine/Plugins/Experimental/CharacterAI/Binaries/Win64/UE4Editor-CharacterAI.dll (API version 3709383).
LogModuleManager: Display: Found up-to-date module file ../../../Engine/Plugins/Experimental/HTML5Networking/Binaries/Win64/UE4Editor-HTML5Networking.dll (API version 3709383).
LogModuleManager: Display: Found up-to-date module file ../../../Engine/Plugins/Media/AndroidMedia/Binaries/Win64/UE4Editor-AndroidMediaEditor.dll (API version 3709383).
LogModuleManager: Display: Found up-to-date module file ../../../Engine/Plugins/Media/AndroidMedia/Binaries/Win64/UE4Editor-AndroidMediaFactory.dll (API version 3709383).
LogModuleManager: Display: Found up-to-date module file ../../../Engine/Plugins/Media/AvfMedia/Binaries/Win64/UE4Editor-AvfMediaEditor.dll (API version 3709383).
LogModuleManager: Display: Found up-to-date module file ../../../Engine/Plugins/Media/AvfMedia/Binaries/Win64/UE4Editor-AvfMediaFactory.dll (API version 3709383).
LogModuleManager: Display: Found up-to-date module file ../../../Engine/Plugins/Media/AvfMedia/Binaries/Win64/UE4Editor-AvfMediaFactory.dll (API version 3709383).
LogModuleManager: Display: Found up-to-date module file ../../../Engine/Plugins/Media/ImgMedia/Binaries/Win64/UE4Editor-ImgMedia.dll (API version 3709383).
LogModuleManager: Display: Found up-to-date module file ../../../Engine/Plugins/Media/ImgMedia/Binaries/Win64/UE4Editor-ImgMediaEditor.dll (API version 3709383).
LogModuleManager: Display: Found up-to-date module file ../../../Engine/Plugins/Media/ImgMedia/Binaries/Win64/UE4Editor-ImgMediaFactory.dll (API version 3709383).
LogModuleManager: Display: Found up-to-date module file ../../../Engine/Plugins/Media/ImgMedia/Binaries/Win64/UE4Editor-ImgMediaFactory.dll (API version 3709383).
LogModuleManager: Display: Found up-to-date module file ../../../Engine/Plugins/Media/ImgMedia/Binaries/Win64/UE4Editor-OpenExrWrapper.dll (API version 3709383).
LogModuleManager: Display: Found up-to-date module file ../../../Engine/Plugins/Media/MediaCompositing/Binaries/Win64/UE4Editor-MediaCompositing.dll (API version 3709383).
LogModuleManager: Display: Found up-to-date module file ../../../Engine/Plugins/Media/MediaCompositing/Binaries/Win64/UE4Editor-MediaCompositingEditor.dll (API version 3709383).
LogModuleManager: Display: Found up-to-date module file ../../../Engine/Plugins/Media/MediaPlayerEditor/Binaries/Win64/UE4Editor-MediaPlayerEditor.dll (API version 3709383).
LogModuleManager: Display: Found up-to-date module file ../../../Engine/Plugins/Media/WmfMedia/Binaries/Win64/UE4Editor-WmfMedia.dll (API version 3709383).
LogModuleManager: Display: Found up-to-date module file ../../../Engine/Plugins/Media/WmfMedia/Binaries/Win64/UE4Editor-WmfMediaEditor.dll (API version 3709383).
LogModuleManager: Display: Found up-to-date module file ../../../Engine/Plugins/Media/WmfMedia/Binaries/Win64/UE4Editor-WmfMediaFactory.dll (API version 3709383).
LogModuleManager: Display: Found up-to-date module file ../../../Engine/Plugins/Media/WmfMedia/Binaries/Win64/UE4Editor-WmfMediaFactory.dll (API version 3709383).
LogModuleManager: Display: Found up-to-date module file ../../../Engine/Plugins/Messaging/TcpMessaging/Binaries/Win64/UE4Editor-TcpMessaging.dll (API version 3709383).
LogModuleManager: Display: Found up-to-date module file ../../../Engine/Plugins/Messaging/UdpMessaging/Binaries/Win64/UE4Editor-UdpMessaging.dll (API version 3709383).
LogModuleManager: Display: Found up-to-date module file ../../../Engine/Plugins/MovieScene/ActorSequence/Binaries/Win64/UE4Editor-ActorSequence.dll (API version 3709383).
LogModuleManager: Display: Found up-to-date module file ../../../Engine/Plugins/MovieScene/LevelSequenceEditor/Binaries/Win64/UE4Editor-LevelSequenceEditor.dll (API version 3709383).
LogModuleManager: Display: Found up-to-date module file ../../../Engine/Plugins/MovieScene/MatineeToLevelSequence/Binaries/Win64/UE4Editor-MatineeToLevelSequence.dll (API version 3709383).
LogModuleManager: Display: Found up-to-date module file ../../../Engine/Plugins/Online/OnlineSubsystem/Binaries/Win64/UE4Editor-OnlineSubsystem.dll (API version 3709383).
LogModuleManager: Display: Found up-to-date module file ../../../Engine/Plugins/Online/OnlineSubsystemNull/Binaries/Win64/UE4Editor-OnlineSubsystemNull.dll (API version 3709383).
LogModuleManager: Display: Found up-to-date module file ../../../Engine/Plugins/Online/OnlineSubsystemUtils/Binaries/Win64/UE4Editor-OnlineSubsystemUtils.dll (API version 3709383).
LogModuleManager: Display: Found up-to-date module file ../../../Engine/Plugins/Online/OnlineSubsystemUtils/Binaries/Win64/UE4Editor-OnlineBlueprintSupport.dll (API version 3709383).
LogModuleManager: Display: Found up-to-date module file ../../../Engine/Plugins/Runtime/AndroidDeviceProfileSelector/Binaries/Win64/UE4Editor-AndroidDeviceProfileSelector.dll (API version 3709383).
LogModuleManager: Display: Found up-to-date module file ../../../Engine/Plugins/Runtime/AndroidPermission/Binaries/Win64/UE4Editor-AndroidPermission.dll (API version 3709383).
LogModuleManager: Display: Found up-to-date module file ../../../Engine/Plugins/Runtime/AppleARKit/Binaries/Win64/UE4Editor-AppleARKit.dll (API version 3709383).
LogModuleManager: Display: Found up-to-date module file ../../../Engine/Plugins/Runtime/ArchVisCharacter/Binaries/Win64/UE4Editor-ArchVisCharacter.dll (API version 3709383).
LogModuleManager: Display: Found up-to-date module file ../../../Engine/Plugins/Runtime/CableComponent/Binaries/Win64/UE4Editor-CableComponent.dll (API version 3709383).
LogModuleManager: Display: Found up-to-date module file ../../../Engine/Plugins/Runtime/CustomMeshComponent/Binaries/Win64/UE4Editor-CustomMeshComponent.dll (API version 3709383).
LogModuleManager: Display: Found up-to-date module file ../../../Engine/Plugins/Runtime/ExampleDeviceProfileSelector/Binaries/Win64/UE4Editor-ExampleDeviceProfileSelector.dll (API version 3709383).
LogModuleManager: Display: Found up-to-date module file ../../../Engine/Plugins/Runtime/ImmediatePhysics/Binaries/Win64/UE4Editor-ImmediatePhysics.dll (API version 3709383).
LogModuleManager: Display: Found up-to-date module file ../../../Engine/Plugins/Runtime/ImmediatePhysics/Binaries/Win64/UE4Editor-ImmediatePhysicsEditor.dll (API version 3709383).
LogModuleManager: Display: Found up-to-date module file ../../../Engine/Plugins/Runtime/LocationServicesBPLibrary/Binaries/Win64/UE4Editor-LocationServicesBPLibrary.dll (API version 3709383).
LogModuleManager: Display: Found up-to-date module file ../../../Engine/Plugins/Runtime/MobilePatchingUtils/Binaries/Win64/UE4Editor-MobilePatchingUtils.dll (API version 3709383).
LogModuleManager: Display: Found up-to-date module file ../../../Engine/Plugins/Runtime/Oculus/OculusVR/Binaries/Win64/UE4Editor-OculusHMD.dll (API version 3709383).
LogModuleManager: Display: Found up-to-date module file ../../../Engine/Plugins/Runtime/Oculus/OculusVR/Binaries/Win64/UE4Editor-OculusInput.dll (API version 3709383).
LogModuleManager: Display: Found up-to-date module file ../../../Engine/Plugins/Runtime/Oculus/OculusVR/Binaries/Win64/UE4Editor-OculusEditor.dll (API version 3709383).
LogModuleManager: Display: Found up-to-date module file ../../../Engine/Plugins/Runtime/PhysXVehicles/Binaries/Win64/UE4Editor-PhysXVehicles.dll (API version 3709383).
LogModuleManager: Display: Found up-to-date module file ../../../Engine/Plugins/Runtime/PhysXVehicles/Binaries/Win64/UE4Editor-PhysXVehiclesEditor.dll (API version 3709383).
LogModuleManager: Display: Found up-to-date module file ../../../Engine/Plugins/Runtime/ProceduralMeshComponent/Binaries/Win64/UE4Editor-ProceduralMeshComponent.dll (API version 3709383).
LogModuleManager: Display: Found up-to-date module file ../../../Engine/Plugins/Runtime/ProceduralMeshComponent/Binaries/Win64/UE4Editor-ProceduralMeshComponentEditor.dll (API version 3709383).
LogModuleManager: Display: Found up-to-date module file ../../../Engine/Plugins/Runtime/RuntimePhysXCooking/Binaries/Win64/UE4Editor-RuntimePhysXCooking.dll (API version 3709383).
LogModuleManager: Display: Found up-to-date module file ../../../Engine/Plugins/Runtime/Steam/SteamVR/Binaries/Win64/UE4Editor-SteamVR.dll (API version 3709383).
LogModuleManager: Display: Found up-to-date module file ../../../Engine/Plugins/Runtime/Steam/SteamVR/Binaries/Win64/UE4Editor-SteamVRController.dll (API version 3709383).
LogModuleManager: Display: Found up-to-date module file ../../../Engine/Plugins/Runtime/WindowsMoviePlayer/Binaries/Win64/UE4Editor-WindowsMoviePlayer.dll (API version 3709383).
LogInit: Using libcurl 7.47.1
LogInit:  - built for x86_64-pc-win32
LogInit:  - supports SSL with OpenSSL/1.0.2g
LogInit:  - supports HTTP deflate (compression) using libz 1.2.8
LogInit:  - other features:
LogInit:      CURL_VERSION_SSL
LogInit:      CURL_VERSION_LIBZ
LogInit:      CURL_VERSION_IPV6
LogInit:      CURL_VERSION_ASYNCHDNS
LogInit:      CURL_VERSION_LARGEFILE
LogInit:      CURL_VERSION_IDN
LogInit:  CurlRequestOptions (configurable via config and command line):
LogInit:  - bVerifyPeer = false  - Libcurl will NOT verify peer certificate
LogInit:  - bUseHttpProxy = false  - Libcurl will NOT use HTTP proxy
LogInit:  - bDontReuseConnections = false  - Libcurl will reuse connections
LogInit:  - CertBundlePath = nullptr  - Libcurl will use whatever was configured at build time.
LogInit: Build: ++UE4+Release-4.18-CL-3709383
LogInit: Engine Version: 4.18.0-3709383+++UE4+Release-4.18
LogInit: Compatible Engine Version: 4.18.0-3709383+++UE4+Release-4.18
LogInit: Net CL: 3709383
LogDevObjectVersion: Number of dev versions registered: 16
LogDevObjectVersion:   Dev-Blueprints (B0D832E4-1F89-4F0D-ACCF-7EB736FD4AA2): 10
LogDevObjectVersion:   Dev-Build (E1C64328-A22C-4D53-A36C-8E866417BD8C): 0
LogDevObjectVersion:   Dev-Core (375EC13C-06E4-48FB-B500-84F0262A717E): 2
LogDevObjectVersion:   Dev-Editor (E4B068ED-F494-42E9-A231-DA0B2E46BB41): 20
LogDevObjectVersion:   Dev-Framework (CFFC743F-43B0-4480-9391-14DF171D2073): 30
LogDevObjectVersion:   Dev-Mobile (B02B49B5-BB20-44E9-A304-32B752E40360): 0
LogDevObjectVersion:   Dev-Networking (A4E4105C-59A1-49B5-A7C5-40C4547EDFEE): 0
LogDevObjectVersion:   Dev-Online (39C831C9-5AE6-47DC-9A44-9C173E1C8E7C): 0
LogDevObjectVersion:   Dev-Physics (78F01B33-EBEA-4F98-B9B4-84EACCB95AA2): 0
LogDevObjectVersion:   Dev-Platform (6631380F-2D4D-43E0-8009-CF276956A95A): 0
LogDevObjectVersion:   Dev-Rendering (12F88B9F-8875-4AFC-A67C-D90C383ABD29): 20
LogDevObjectVersion:   Dev-Sequencer (7B5AE74C-D270-4C10-A958-57980B212A5A): 4
LogDevObjectVersion:   Dev-VR (D7296918-1DD6-4BDD-9DE2-64A83CC13884): 0
LogDevObjectVersion:   Dev-LoadTimes (C2A15278-BFE7-4AFE-6C17-90FF531DF755): 1
LogDevObjectVersion:   Private-Geometry (6EACA3D4-40EC-4CC1-B786-8BED09428FC5): 1
LogDevObjectVersion:   Dev-AnimPhys (29E575DD-E0A3-4627-9D10-D276232CDCEA): 12
LogInit: Compiled (64-bit): Oct 20 2017 10:39:19
LogInit: Compiled with Visual C++: 19.00.24215.01
LogInit: Build Configuration: Development
LogInit: Branch Name: ++UE4+Release-4.18
LogInit: Command line:  
LogInit: Base directory: C:/Program Files/Epic Games/UE_4.18/Engine/Binaries/Win64/
LogInit: Installed Engine Build: 1
LogInit: Presizing for max 8388607 objects, including 0 objects not considered by GC, pre-allocating 0 bytes for permanent pool.
LogInit: Object subsystem initialized
[2018.01.09-21.42.58:444][  0]LogInit: Selected Device Profile: [Windows]
[2018.01.09-21.42.58:444][  0]LogInit: Applying CVar settings loaded from the selected device profile: [Windows]
[2018.01.09-21.42.58:455][  0]LogInit: Computer: DESKTOP-BNRDTO4
[2018.01.09-21.42.58:455][  0]LogInit: User: techbeast
[2018.01.09-21.42.58:455][  0]LogInit: CPU Page size=4096, Cores=4
[2018.01.09-21.42.58:455][  0]LogInit: High frequency timer resolution =3.234375 MHz
[2018.01.09-21.42.58:455][  0]LogMemory: Memory total: Physical=15.9GB (16GB approx)
[2018.01.09-21.42.58:455][  0]LogMemory: Platform Memory Stats for Windows
[2018.01.09-21.42.58:455][  0]LogMemory: Process Physical Memory: 280.15 MB used, 280.15 MB peak
[2018.01.09-21.42.58:455][  0]LogMemory: Process Virtual Memory: 276.65 MB used, 276.65 MB peak
[2018.01.09-21.42.58:455][  0]LogMemory: Physical Memory: 8862.93 MB used,  7460.11 MB free, 16323.04 MB total
[2018.01.09-21.42.58:455][  0]LogMemory: Virtual Memory: 720.96 MB used,  7460.11 MB free, 134217728.00 MB total
[2018.01.09-21.42.58:581][  0]LogInit: Using OS detected language (en-US).
[2018.01.09-21.42.58:581][  0]LogInit: Using OS detected locale (en-US).
[2018.01.09-21.42.58:583][  0]LogTextLocalizationManager: No specific localization for 'en-US' exists, so the 'en' localization will be used.
[2018.01.09-21.42.58:947][  0]LogInit: Setting process to per monitor DPI aware
[2018.01.09-21.42.59:169][  0]LogD3D11RHI: D3D11 adapters:
[2018.01.09-21.42.59:195][  0]LogD3D11RHI:    0. 'NVIDIA GeForce GTX 970' (Feature Level 11_0)
[2018.01.09-21.42.59:195][  0]LogD3D11RHI:       4058/0/8161 MB DedicatedVideo/DedicatedSystem/SharedSystem, Outputs:2, VendorId:0x10de
[2018.01.09-21.42.59:196][  0]LogD3D11RHI:    1. 'Microsoft Basic Render Driver' (Feature Level 11_0)
[2018.01.09-21.42.59:196][  0]LogD3D11RHI:       0/0/8161 MB DedicatedVideo/DedicatedSystem/SharedSystem, Outputs:0, VendorId:0x1414
[2018.01.09-21.42.59:196][  0]LogD3D11RHI: Chosen D3D11 Adapter: 0
[2018.01.09-21.42.59:203][  0]LogD3D11RHI: Creating new Direct3DDevice
[2018.01.09-21.42.59:203][  0]LogD3D11RHI:     GPU DeviceId: 0x13c2 (for the marketing name, search the web for "GPU Device Id")
[2018.01.09-21.42.59:203][  0]LogWindows: EnumDisplayDevices:
[2018.01.09-21.42.59:203][  0]LogWindows:    0. 'NVIDIA GeForce GTX 970' (P:1 D:1)
[2018.01.09-21.42.59:203][  0]LogWindows:    1. 'NVIDIA GeForce GTX 970' (P:0 D:1)
[2018.01.09-21.42.59:203][  0]LogWindows:    2. 'NVIDIA GeForce GTX 970' (P:0 D:0)
[2018.01.09-21.42.59:203][  0]LogWindows:    3. 'NVIDIA GeForce GTX 970' (P:0 D:0)
[2018.01.09-21.42.59:203][  0]LogWindows: DebugString: GetVideoDriverDetailsInvalid PrimaryIsNotTheChoosenAdapter GetVideoDriverDetailsInvalid PrimaryIsNotTheChoosenAdapter GetVideoDriverDetailsInvalid PrimaryIsNotTheChoosenAdapter GetVideoDriverDetailsInvalid PrimaryIsNotTheChoosenAdapter FoundDriverCount:0 
[2018.01.09-21.42.59:203][  0]LogD3D11RHI:     Adapter Name: NVIDIA GeForce GTX 970
[2018.01.09-21.42.59:203][  0]LogD3D11RHI:   Driver Version: Unknown (internal:Unknown, unified:Unknown)
[2018.01.09-21.42.59:203][  0]LogD3D11RHI:      Driver Date: Unknown
[2018.01.09-21.42.59:203][  0]LogRHI: Texture pool is 2840 MB (70% of 4058 MB)
[2018.01.09-21.42.59:221][  0]LogD3D11RHI: Async texture creation enabled
[2018.01.09-21.42.59:299][  0]LogD3D11RHI: GPU Timing Frequency: 1000.000000 (Debug: 2 1)
[2018.01.09-21.42.59:342][  0]LogShaderCompilers: Guid format shader working directory is -23 characters bigger than the processId version (D:/Users/codsk_000/Documents/Unreal Projects/unreal_engine/robosub_unreal/Intermediate/Shaders/WorkingDirectory/7884/).
[2018.01.09-21.42.59:342][  0]LogShaderCompilers: Cleaned the shader compiler working directory 'C:/Users/techbeast/AppData/Local/Temp/UnrealShaderWorkingDir/7C3D3C0A43FDF53E19BD05AC47240F5E/'.
[2018.01.09-21.42.59:342][  0]LogShaderCompilers: Display: Using Local Shader Compiler.
[2018.01.09-21.43.00:139][  0]LogTemp: Display: Loaded TP AllDesktopTargetPlatform
[2018.01.09-21.43.00:186][  0]LogTemp: Display: Loaded TP MacClientTargetPlatform
[2018.01.09-21.43.00:233][  0]LogTemp: Display: Loaded TP MacNoEditorTargetPlatform
[2018.01.09-21.43.00:281][  0]LogTemp: Display: Loaded TP MacServerTargetPlatform
[2018.01.09-21.43.00:330][  0]LogTemp: Display: Loaded TP MacTargetPlatform
[2018.01.09-21.43.00:378][  0]LogTemp: Display: Loaded TP WindowsClientTargetPlatform
[2018.01.09-21.43.00:426][  0]LogTemp: Display: Loaded TP WindowsNoEditorTargetPlatform
[2018.01.09-21.43.00:474][  0]LogTemp: Display: Loaded TP WindowsServerTargetPlatform
[2018.01.09-21.43.00:516][  0]LogTemp: Display: Loaded TP WindowsTargetPlatform
[2018.01.09-21.43.00:566][  0]LogTemp: Display: Loaded TP Android_ASTCTargetPlatform
[2018.01.09-21.43.00:614][  0]LogTemp: Display: Loaded TP Android_ATCTargetPlatform
[2018.01.09-21.43.00:657][  0]LogTemp: Display: Loaded TP Android_DXTTargetPlatform
[2018.01.09-21.43.00:700][  0]LogTemp: Display: Loaded TP Android_ETC1TargetPlatform
[2018.01.09-21.43.00:747][  0]LogTemp: Display: Loaded TP Android_ETC2TargetPlatform
[2018.01.09-21.43.00:835][  0]LogTemp: Display: Loaded TP Android_MultiTargetPlatform
[2018.01.09-21.43.00:835][  0]LogTemp: Display: Loaded TP Android_PVRTCTargetPlatform
[2018.01.09-21.43.00:879][  0]LogTemp: Display: Loaded TP AndroidTargetPlatform
[2018.01.09-21.43.00:913][  0]LogTemp: Display: Loaded TP HTML5TargetPlatform
[2018.01.09-21.43.00:995][  0]LogTemp: Display: Loaded TP IOSTargetPlatform
[2018.01.09-21.43.01:018][  0]LogTemp: Display: Loaded TP TVOSTargetPlatform
[2018.01.09-21.43.01:063][  0]LogTemp: Display: Loaded TP LinuxClientTargetPlatform
[2018.01.09-21.43.01:108][  0]LogTemp: Display: Loaded TP LinuxNoEditorTargetPlatform
[2018.01.09-21.43.01:151][  0]LogTemp: Display: Loaded TP LinuxServerTargetPlatform
[2018.01.09-21.43.01:195][  0]LogTemp: Display: Loaded TP LinuxTargetPlatform
[2018.01.09-21.43.01:195][  0]LogTargetPlatformManager: Display: Building Assets For Windows
[2018.01.09-21.43.01:595][  0]LogDerivedDataCache: Display: Max Cache Size: 512 MB
[2018.01.09-21.43.01:658][  0]LogDerivedDataCache: Loaded boot cache 0.06s 79MB C:/Users/techbeast/AppData/Local/UnrealEngine/4.18/DerivedDataCache/Boot.ddc.
[2018.01.09-21.43.01:658][  0]LogDerivedDataCache: Display: Loaded Boot cache: C:/Users/techbeast/AppData/Local/UnrealEngine/4.18/DerivedDataCache/Boot.ddc
[2018.01.09-21.43.01:658][  0]LogDerivedDataCache: FDerivedDataBackendGraph:  Pak pak cache file D:/Users/codsk_000/Documents/Unreal Projects/unreal_engine/robosub_unreal/DerivedDataCache/DDC.ddp not found, will not use a pak cache.
[2018.01.09-21.43.01:658][  0]LogDerivedDataCache: Unable to find inner node Pak for hierarchical cache Hierarchy.
[2018.01.09-21.43.01:658][  0]LogDerivedDataCache: FDerivedDataBackendGraph:  CompressedPak pak cache file D:/Users/codsk_000/Documents/Unreal Projects/unreal_engine/robosub_unreal/DerivedDataCache/Compressed.ddp not found, will not use a pak cache.
[2018.01.09-21.43.01:658][  0]LogDerivedDataCache: Unable to find inner node CompressedPak for hierarchical cache Hierarchy.
[2018.01.09-21.43.01:672][  0]LogDerivedDataCache: Display: Pak cache opened for reading ../../../Engine/DerivedDataCache/Compressed.ddp.
[2018.01.09-21.43.01:684][  0]LogDerivedDataCache: Using Local data cache path C:/Users/techbeast/AppData/Local/UnrealEngine/Common/DerivedDataCache: Writable
[2018.01.09-21.43.01:693][  0]LogMaterial: Verifying Global Shaders for PCD3D_SM5
[2018.01.09-21.43.01:693][  0]LogSlate: Using Freetype 2.6.0
[2018.01.09-21.43.01:694][  0]LogSlate: SlateFontCache - WITH_FREETYPE: 1, WITH_HARFBUZZ: 1
[2018.01.09-21.43.01:694][  0]LogSlate: SlateFontCache - WITH_FREETYPE: 1, WITH_HARFBUZZ: 1
[2018.01.09-21.43.02:016][  0]LogInit: Selected Device Profile: [Windows]
[2018.01.09-21.43.02:307][  0]LogSimplygon: Simplygon DLL not present - disabling.
[2018.01.09-21.43.02:343][  0]LogMeshReduction: Using SimplygonSwarm for distributed automatic mesh merging
[2018.01.09-21.43.02:343][  0]LogMeshReduction: Using QuadricMeshReduction for automatic static mesh reduction
[2018.01.09-21.43.02:343][  0]LogMeshReduction: No automatic skeletal mesh reduction module available
[2018.01.09-21.43.02:343][  0]LogMeshReduction: No automatic mesh merging module available
[2018.01.09-21.43.02:343][  0]LogMeshMerging: No automatic mesh merging module available
[2018.01.09-21.43.02:370][  0]LogNetVersion: robosub_unreal , NetCL: 3709383, EngineNetVer: 2, GameNetVer: 0 (Checksum: 688751551)
[2018.01.09-21.43.02:528][  0]LogAssetRegistry: FAssetRegistry took 0.0265 seconds to start up
[2018.01.09-21.43.03:011][  0]LogPackageLocalizationCache: Processed 7 localized package path(s) for 2 prioritized culture(s) in 0.062657 seconds
[2018.01.09-21.43.03:016][  0]LogUObjectArray: 35900 objects as part of root set at end of initial load.
[2018.01.09-21.43.03:016][  0]LogUObjectAllocator: 7372024 out of 0 bytes used by permanent object pool.
[2018.01.09-21.43.03:016][  0]LogUObjectArray: CloseDisregardForGC: 0/0 objects in disregard for GC pool
[2018.01.09-21.43.03:063][  0]LogInit: WinSock: version 1.1 (2.2), MaxSocks=32767, MaxUdp=65467
[2018.01.09-21.43.05:817][  0]LogTcpMessaging: Initializing TcpMessaging bridge
[2018.01.09-21.43.05:857][  0]LogUdpMessaging: Initializing bridge on interface 0.0.0.0:0 to multicast group 230.0.0.1:6666.
[2018.01.09-21.43.06:610][  0]LogMaterial: Uniform references updated for custom material expression Custom.
[2018.01.09-21.43.07:016][  0]SourceControl: Source control is disabled
[2018.01.09-21.43.07:016][  0]SourceControl: Source control is disabled
[2018.01.09-21.43.07:063][  0]SourceControl: Source control is disabled
[2018.01.09-21.43.07:110][  0]SourceControl: Source control is disabled
[2018.01.09-21.43.07:851][  0]LogAndroidPermission: UAndroidPermissionCallbackProxy::GetInstance
[2018.01.09-21.43.08:102][  0]LogOcInput: OculusInput pre-init called
[2018.01.09-21.43.08:354][  0]LogEngine: Initializing Engine...
[2018.01.09-21.43.08:356][  0]LogHMD: Oculus plugin initialized. Version: 4.18.0-3709383+++UE4+Release-4.18, OVRPlugin: 1.17.0
[2018.01.09-21.43.08:579][  0]LogStats: UGameplayTagsManager::ConstructGameplayTagTree: Construct from data asset -  0.000 s
[2018.01.09-21.43.08:579][  0]LogStats: UGameplayTagsManager::ConstructGameplayTagTree: GameplayTagTreeChangedEvent.Broadcast -  0.000 s
[2018.01.09-21.43.08:700][  0]LogAIModule: Creating AISystem for world Untitled
[2018.01.09-21.43.08:714][  0]LogInit: XAudio2 using 'Speakers (Realtek High Definition Audio)' : 2 channels at 48 kHz using 32 bits per sample (channel mask 0x3)
[2018.01.09-21.43.08:746][  0]LogInit: FAudioDevice initialized.
[2018.01.09-21.43.08:820][  0]LogDerivedDataCache: Saved boot cache 0.07s 79MB C:/Users/techbeast/AppData/Local/UnrealEngine/4.18/DerivedDataCache/Boot.ddc.
[2018.01.09-21.43.08:828][  0]LogInit: Texture streaming: Enabled
[2018.01.09-21.43.08:920][  0]LogEngineSessionManager: EngineSessionManager initialized
[2018.01.09-21.43.08:920][  0]LogEngineSessionManager: EngineSessionManager sent abnormal shutdown report. Type=Crashed, SessionId={688ADCE5-4D92-0A0C-5A26-AD8C611776EB}
[2018.01.09-21.43.09:041][  0]LogInit: Transaction tracking system initialized
[2018.01.09-21.43.09:343][  0]BlueprintLog: New page: Editor Load
[2018.01.09-21.43.10:186][  0]LocalizationService: Localization service is disabled
[2018.01.09-21.43.10:966][  0]LogConsoleResponse: Display: 
[2018.01.09-21.43.11:124][  0]LogCook: Display: Max memory allowance for cook 16384mb min free memory 0mb
[2018.01.09-21.43.11:124][  0]LogCook: Display: Mobile HDR setting 1
[2018.01.09-21.43.11:124][  0]LogGameplayTags: Display: UGameplayTagsManager::DoneAddingNativeTags. DelegateIsBound: 0
[2018.01.09-21.43.11:871][  0]LogFileCache: Scanning file cache for directory 'D:/Users/codsk_000/Documents/Unreal Projects/unreal_engine/robosub_unreal/Content/' took 0.01s
[2018.01.09-21.43.12:256][  0]SourceControl: Source control is disabled
[2018.01.09-21.43.12:256][  0]Cmd: MAP LOAD FILE="D:/Users/codsk_000/Documents/Unreal Projects/unreal_engine/robosub_unreal/Content/StarterContent/Maps/Minimal_Default.umap" TEMPLATE=0 SHOWPROGRESS=1 FEATURELEVEL=3
[2018.01.09-21.43.12:256][  0]LightingResults: New page: Lighting Build
[2018.01.09-21.43.12:316][  0]MapCheck: New page: Map Check
[2018.01.09-21.43.12:316][  0]LightingResults: New page: Lighting Build
[2018.01.09-21.43.12:797][  0]LogAIModule: Creating AISystem for world Minimal_Default
[2018.01.09-21.43.12:808][  0]LogEditorServer: Finished looking for orphan Actors (0.000 secs)
[2018.01.09-21.43.12:826][  0]Cmd: MAP CHECKDEP NOCLEARLOG
[2018.01.09-21.43.12:886][  0]MapCheck: Map check complete: 0 Error(s), 0 Warning(s), took 59.898ms to complete.
[2018.01.09-21.43.12:886][  0]LogFileHelpers: Loading map 'Minimal_Default' took 0.630
[2018.01.09-21.43.12:953][  0]LogWindowsTextInputMethodSystem: Display: IME system now deactivated.
[2018.01.09-21.43.12:953][  0]LogWindowsTextInputMethodSystem: Display: IME system now deactivated.
[2018.01.09-21.43.13:023][  0]LogCollectionManager: Loaded 0 collections in 0.001487 seconds
[2018.01.09-21.43.13:106][  0]LogFileCache: Scanning file cache for directory 'D:/Users/codsk_000/Documents/Unreal Projects/unreal_engine/robosub_unreal/Saved/Collections/' took 0.01s
[2018.01.09-21.43.13:106][  0]LogFileCache: Scanning file cache for directory 'D:/Users/codsk_000/Documents/Unreal Projects/unreal_engine/robosub_unreal/Content/Developers/techbeast/Collections/' took 0.01s
[2018.01.09-21.43.13:106][  0]LogFileCache: Scanning file cache for directory 'D:/Users/codsk_000/Documents/Unreal Projects/unreal_engine/robosub_unreal/Content/Collections/' took 0.01s
[2018.01.09-21.43.13:106][  0]LogCollectionManager: Rebuilt the GUID cache for 0 collections in 0.000000 seconds
[2018.01.09-21.43.13:118][  0]LogContentBrowser: Native class hierarchy populated in 0.0112 seconds. Added 2365 classes and 521 folders.
[2018.01.09-21.43.13:172][  0]LogContentBrowser: Native class hierarchy updated for 'WidgetCarousel' in 0.0004 seconds. Added 0 classes and 0 folders.
[2018.01.09-21.43.13:204][  0]LogContentBrowser: Native class hierarchy updated for 'AddContentDialog' in 0.0005 seconds. Added 0 classes and 0 folders.
[2018.01.09-21.43.13:245][  0]LogContentBrowser: Native class hierarchy updated for 'SceneOutliner' in 0.0004 seconds. Added 1 classes and 2 folders.
[2018.01.09-21.43.13:327][  0]LogSlate: Took 0.000202 seconds to synchronously load lazily loaded font '../../../Engine/Content/Slate/Fonts/Roboto-Regular.ttf' (155K)
[2018.01.09-21.43.13:331][  0]LogSlate: Took 0.000269 seconds to synchronously load lazily loaded font '../../../Engine/Content/Slate/Fonts/Roboto-Bold.ttf' (160K)
[2018.01.09-21.43.13:333][  0]LogSlate: Took 0.000224 seconds to synchronously load lazily loaded font '../../../Engine/Content/Editor/Slate/Fonts/FontAwesome.ttf' (139K)
[2018.01.09-21.43.13:416][  0]LogRenderer: Reallocating scene render targets to support 2040x620 Format 10 NumSamples 1 (Frame:1).
[2018.01.09-21.43.13:621][  0]LogContentBrowser: Native class hierarchy updated for 'HierarchicalLODOutliner' in 0.0004 seconds. Added 1 classes and 2 folders.
[2018.01.09-21.43.13:622][  0]LogLoad: (Engine Initialization) Total time: 17.35 seconds
[2018.01.09-21.43.13:622][  0]LogLoad: (Engine Initialization) Total Blueprint compile time: 0.00 seconds
[2018.01.09-21.43.13:622][  0]LogExternalProfiler: No external profilers were discovered.  External profiling features will not be available.
[2018.01.09-21.43.13:637][  0]LogOcInput: OculusInput is initialized
[2018.01.09-21.43.13:653][  0]LogAssetRegistry: Asset discovery search completed in 11.1472 seconds
[2018.01.09-21.43.13:655][  0]LogCollectionManager: Rebuilt the object cache for 0 collections in 0.000000 seconds (found 0 objects)
[2018.01.09-21.43.13:655][  0]LogCollectionManager: Fixed up redirectors for 0 collections in 0.000056 seconds (updated 0 objects)
[2018.01.09-21.43.13:657][  0]LogContentStreaming: Texture pool size now 1000 MB
[2018.01.09-21.43.15:995][160]LogRenderer: Reallocating scene render targets to support 2040x852 Format 10 NumSamples 1 (Frame:165).
[2018.01.09-21.44.39:870][169]LogHotReload: New module detected: UE4Editor-robosub_unreal-8112.dll
[2018.01.09-21.44.40:550][172]LogHotReload: Starting Hot-Reload from IDE
[2018.01.09-21.44.40:558][172]LogSlate: Took 0.000156 seconds to synchronously load lazily loaded font '../../../Engine/Content/Slate/Fonts/Roboto-Light.ttf' (159K)
[2018.01.09-21.44.40:646][172]LogContentBrowser: Native class hierarchy updated for 'robosub_unreal' in 0.0005 seconds. Added 2 classes and 2 folders.
[2018.01.09-21.44.40:648][172]Display: HotReload successful (0 functions remapped  0 scriptstructs remapped)
[2018.01.09-21.44.40:722][172]LogContentBrowser: Native class hierarchy populated in 0.0076 seconds. Added 2367 classes and 525 folders.
[2018.01.09-21.44.40:730][172]Display: HotReload took  0.2s.
[2018.01.09-21.45.46:600][172]LogHotReload: New module detected: UE4Editor-robosub_unreal-4534.dll
[2018.01.09-21.45.47:279][175]LogHotReload: Starting Hot-Reload from IDE
[2018.01.09-21.45.47:360][175]LogContentBrowser: Native class hierarchy updated for 'robosub_unreal' in 0.0004 seconds. Added 2 classes and 2 folders.
[2018.01.09-21.45.47:362][175]Display: HotReload successful (0 functions remapped  0 scriptstructs remapped)
[2018.01.09-21.45.47:401][175]LogContentBrowser: Native class hierarchy populated in 0.0090 seconds. Added 2367 classes and 525 folders.
[2018.01.09-21.45.47:411][175]Display: HotReload took  0.1s.
[2018.01.09-21.45.51:002][188]LogEditor: Attempting to add actor of class 'Leviathan' to level at 0.00,-40.00,70.00
[2018.01.09-21.45.52:596][354]LogEditor: Attempting to add actor of class 'Leviathan' to level at -70.00,-160.00,70.00
[2018.01.09-21.45.56:423][803]LogEditorViewport: Clicking on Actor (LMB): StaticMeshActor (RobosubModel1)
[2018.01.09-21.45.57:721][947]Cmd: DELETE
[2018.01.09-21.45.57:721][947]Cmd: ACTOR DELETE
[2018.01.09-21.45.57:722][947]LogEditorActor: Deleted Actor: StaticMeshActor
[2018.01.09-21.45.57:731][947]LogEditorActor: Deleted 1 Actors (0.010 secs)
[2018.01.09-21.45.59:315][137]LogEditorViewport: Clicking on Actor (LMB): StaticMeshActor (Chair)
[2018.01.09-21.45.59:533][157]Cmd: DELETE
[2018.01.09-21.45.59:533][157]Cmd: ACTOR DELETE
[2018.01.09-21.45.59:535][157]LogEditorActor: Deleted Actor: StaticMeshActor
[2018.01.09-21.45.59:543][157]LogEditorActor: Deleted 1 Actors (0.010 secs)
[2018.01.09-21.46.00:068][220]LogEditorViewport: Clicking on Actor (LMB): StaticMeshActor (Table)
[2018.01.09-21.46.00:186][228]Cmd: DELETE
[2018.01.09-21.46.00:186][228]Cmd: ACTOR DELETE
[2018.01.09-21.46.00:188][228]LogEditorActor: Deleted Actor: StaticMeshActor
[2018.01.09-21.46.00:197][228]LogEditorActor: Deleted 1 Actors (0.010 secs)
[2018.01.09-21.46.02:563][511]LogEditorViewport: Clicking on Actor (LMB): StaticMeshActor (Floor)
[2018.01.09-21.46.02:772][530]Cmd: DELETE
[2018.01.09-21.46.02:772][530]Cmd: ACTOR DELETE
[2018.01.09-21.46.02:773][530]LogEditorActor: Deleted Actor: StaticMeshActor
[2018.01.09-21.46.02:782][530]LogEditorActor: Deleted 1 Actors (0.010 secs)
[2018.01.09-21.46.03:323][595]LogEditorViewport: Clicking on Actor (LMB): StaticMeshActor (Floor)
[2018.01.09-21.46.03:422][601]Cmd: DELETE
[2018.01.09-21.46.03:423][601]Cmd: ACTOR DELETE
[2018.01.09-21.46.03:424][601]LogEditorActor: Deleted Actor: StaticMeshActor
[2018.01.09-21.46.03:432][601]LogEditorActor: Deleted 1 Actors (0.009 secs)
[2018.01.09-21.46.06:310][946]LogEditorViewport: Clicking on Actor (LMB): Leviathan (Leviathan1)
[2018.01.09-21.46.10:242][407]LogEditorViewport: Clicking on Actor (LMB): StaticMeshActor (Chair)
[2018.01.09-21.46.10:765][460]Cmd: DELETE
[2018.01.09-21.46.10:765][460]Cmd: ACTOR DELETE
[2018.01.09-21.46.10:766][460]LogEditorActor: Deleted Actor: StaticMeshActor
[2018.01.09-21.46.10:774][460]LogEditorActor: Deleted 1 Actors (0.009 secs)
[2018.01.09-21.47.02:460][526]LogHotReload: New module detected: UE4Editor-robosub_unreal-5992.dll
[2018.01.09-21.47.03:154][529]LogHotReload: Starting Hot-Reload from IDE
[2018.01.09-21.47.03:240][529]LogClass: Could not find existing class Leviathan in package /Script/robosub_unreal for HotReload, assuming new class
[2018.01.09-21.47.03:243][529]LogHotReload: Re-instancing Leviathan after hot-reload.
[2018.01.09-21.47.03:380][529]LogContentBrowser: Native class hierarchy updated for 'robosub_unreal' in 0.0004 seconds. Added 2 classes and 2 folders.
[2018.01.09-21.47.03:381][529]Display: HotReload successful (0 functions remapped  0 scriptstructs remapped)
[2018.01.09-21.47.03:418][529]LogContentBrowser: Native class hierarchy populated in 0.0080 seconds. Added 2367 classes and 525 folders.
[2018.01.09-21.47.03:426][529]Display: HotReload took  0.3s.
[2018.01.09-21.47.08:060][559]LogEditor: Attempting to add actor of class 'Leviathan' to level at 320.00,0.00,-310.00
[2018.01.09-21.47.08:696][618]LogEditor: Attempting to add actor of class 'Leviathan' to level at 200.00,-180.00,-230.00
[2018.01.09-21.47.12:172][ 26]LogEditorViewport: Clicking on Actor (LMB): Leviathan (Leviathan1)
[2018.01.09-21.47.13:663][193]Cmd: DELETE
[2018.01.09-21.47.13:663][193]Cmd: ACTOR DELETE
[2018.01.09-21.47.13:664][193]LogEditorActor: Deleted Actor: Leviathan
[2018.01.09-21.47.13:699][193]LogEditorActor: Deleted 1 Actors (0.035 secs)
[2018.01.09-21.47.26:638][692]LogEditorViewport: Clicking on Actor (LMB): Leviathan (Leviathan3)
[2018.01.09-21.47.50:582][477]LogHotReload: New module detected: UE4Editor-robosub_unreal-1966.dll
[2018.01.09-21.47.51:264][480]LogHotReload: Starting Hot-Reload from IDE
[2018.01.09-21.47.51:341][480]LogHotReload: Re-instancing Leviathan after hot-reload.
[2018.01.09-21.47.51:512][480]LogContentBrowser: Native class hierarchy updated for 'robosub_unreal' in 0.0005 seconds. Added 2 classes and 2 folders.
[2018.01.09-21.47.51:513][480]Display: HotReload successful (0 functions remapped  0 scriptstructs remapped)
[2018.01.09-21.47.51:554][480]LogContentBrowser: Native class hierarchy populated in 0.0089 seconds. Added 2367 classes and 525 folders.
[2018.01.09-21.47.51:560][480]Display: HotReload took  0.3s.
[2018.01.09-21.48.02:331][940]Cmd: DELETE
[2018.01.09-21.48.02:331][940]Cmd: ACTOR DELETE
[2018.01.09-21.48.02:332][940]LogEditorActor: Deleted Actor: Leviathan
[2018.01.09-21.48.02:365][940]LogEditorActor: Deleted 1 Actors (0.034 secs)
[2018.01.09-21.48.03:612][ 61]LogEditor: Attempting to add actor of class 'Leviathan' to level at 330.00,-30.00,-320.00
[2018.01.09-21.48.04:136][113]LogEditor: Attempting to add actor of class 'Leviathan' to level at 130.00,-220.00,-170.00
[2018.01.09-21.48.22:172][357]LogEditorViewport: Clicking on Actor (LMB): Leviathan (Leviathan6)
[2018.01.09-21.48.22:847][435]Cmd: DELETE
[2018.01.09-21.48.22:847][435]Cmd: ACTOR DELETE
[2018.01.09-21.48.22:848][435]LogEditorActor: Deleted Actor: Leviathan
[2018.01.09-21.48.22:882][435]LogEditorActor: Deleted 1 Actors (0.035 secs)
[2018.01.09-21.48.38:632][569]LogHotReload: New module detected: UE4Editor-robosub_unreal-2382.dll
[2018.01.09-21.48.39:310][572]LogHotReload: Starting Hot-Reload from IDE
[2018.01.09-21.48.39:387][572]LogHotReload: Re-instancing Leviathan after hot-reload.
[2018.01.09-21.48.39:478][572]LogContentBrowser: Native class hierarchy updated for 'robosub_unreal' in 0.0005 seconds. Added 2 classes and 2 folders.
[2018.01.09-21.48.39:480][572]Display: HotReload successful (0 functions remapped  0 scriptstructs remapped)
[2018.01.09-21.48.39:519][572]LogContentBrowser: Native class hierarchy populated in 0.0081 seconds. Added 2367 classes and 525 folders.
[2018.01.09-21.48.39:527][572]Display: HotReload took  0.2s.
[2018.01.09-21.48.41:421][582]LogEditor: Attempting to add actor of class 'Leviathan' to level at 150.00,-70.00,-390.00
[2018.01.09-21.48.42:236][674]LogEditor: Attempting to add actor of class 'Leviathan' to level at -40.00,-180.00,-260.00
[2018.01.09-21.48.58:410][526]LogSavePackage: Save=83.87ms
[2018.01.09-21.48.58:410][526]LogSavePackage: Moving 'D:/Users/codsk_000/Documents/Unreal Projects/unreal_engine/robosub_unreal/Saved/Minimal_Default8EE11CDB42BF6C4998CE2A9AC296AAC3.tmp' to 'D:/Users/codsk_000/Documents/Unreal Projects/unreal_engine/robosub_unreal/Content/StarterContent/Maps/Minimal_Default.umap'
[2018.01.09-21.48.58:415][526]LogSavePackage: Display: Finished SavePackage D:/Users/codsk_000/Documents/Unreal Projects/unreal_engine/robosub_unreal/Content/StarterContent/Maps/Minimal_Default.umap
[2018.01.09-21.48.58:485][526]LogSavePackage: Save=37.72ms
[2018.01.09-21.48.58:485][526]LogSavePackage: Moving 'D:/Users/codsk_000/Documents/Unreal Projects/unreal_engine/robosub_unreal/Saved/Minimal_Default_BuiltData8AABD15D4F7B64FCC6BE7B9DE717869C.tmp' to 'D:/Users/codsk_000/Documents/Unreal Projects/unreal_engine/robosub_unreal/Content/StarterContent/Maps/Minimal_Default_BuiltData.uasset'
[2018.01.09-21.48.58:486][526]LogSavePackage: Display: Finished SavePackage D:/Users/codsk_000/Documents/Unreal Projects/unreal_engine/robosub_unreal/Content/StarterContent/Maps/Minimal_Default_BuiltData.uasset
[2018.01.09-21.49.02:183][877]LogWindowsTextInputMethodSystem: Display: IME system now deactivated.
[2018.01.09-21.49.02:184][877]LogWindowsTextInputMethodSystem: Display: IME system now deactivated.
[2018.01.09-21.49.02:400][878]Cmd: QUIT_EDITOR
[2018.01.09-21.49.02:431][878]LogExit: Preparing to exit.
[2018.01.09-21.49.03:010][878]LogExit: Editor shut down
[2018.01.09-21.49.03:014][878]LogExit: Transaction tracking system shut down
[2018.01.09-21.49.03:122][878]LogDirectoryWatcher: A directory notification for '../../../Engine/Content/' was aborted.
[2018.01.09-21.49.03:122][878]LogDirectoryWatcher: A directory notification for 'D:/Users/codsk_000/Documents/Unreal Projects/unreal_engine/robosub_unreal/Content/' was aborted.
[2018.01.09-21.49.03:122][878]LogDirectoryWatcher: A directory notification for '../../../Engine/Plugins/2D/Paper2D/Content/' was aborted.
[2018.01.09-21.49.03:122][878]LogDirectoryWatcher: A directory notification for '../../../Engine/Plugins/Media/MediaCompositing/Content/' was aborted.
[2018.01.09-21.49.03:122][878]LogDirectoryWatcher: A directory notification for '../../../Engine/Plugins/Runtime/AppleARKit/Content/' was aborted.
[2018.01.09-21.49.03:122][878]LogDirectoryWatcher: A directory notification for '../../../Engine/Plugins/Runtime/Oculus/OculusVR/Content/' was aborted.
[2018.01.09-21.49.03:122][878]LogDirectoryWatcher: A directory notification for '../../../Engine/Plugins/Runtime/Steam/SteamVR/Content/' was aborted.
[2018.01.09-21.49.03:188][878]LogExit: Object subsystem successfully closed.
[2018.01.09-21.49.03:215][878]LogD3D11RHI: Shutdown
[2018.01.09-21.49.03:215][878]LogD3D11RHI: CleanupD3DDevice
[2018.01.09-21.49.03:217][878]LogD3D11RHI: ~FD3D11DynamicRHI
[2018.01.09-21.49.03:231][878]LogModuleManager: Shutting down and abandoning module robosub_unreal (555)
[2018.01.09-21.49.03:231][878]LogModuleManager: Shutting down and abandoning module HierarchicalLODOutliner (550)
[2018.01.09-21.49.03:231][878]LogModuleManager: Shutting down and abandoning module DesktopPlatform (548)
[2018.01.09-21.49.03:232][878]LogModuleManager: Shutting down and abandoning module SceneOutliner (546)
[2018.01.09-21.49.03:232][878]LogModuleManager: Shutting down and abandoning module AddContentDialog (544)
[2018.01.09-21.49.03:232][878]LogDirectoryWatcher: A directory notification for 'C:/Program Files/Epic Games/UE_4.18/FeaturePacks/' was aborted.
[2018.01.09-21.49.03:232][878]LogModuleManager: Shutting down and abandoning module WidgetCarousel (543)
[2018.01.09-21.49.03:232][878]LogModuleManager: Shutting down and abandoning module EditorWidgets (540)
[2018.01.09-21.49.03:232][878]LogModuleManager: Shutting down and abandoning module CollectionManager (538)
[2018.01.09-21.49.03:232][878]LogDirectoryWatcher: A directory notification for 'D:/Users/codsk_000/Documents/Unreal Projects/unreal_engine/robosub_unreal/Content/Collections/' was aborted.
[2018.01.09-21.49.03:232][878]LogDirectoryWatcher: A directory notification for 'D:/Users/codsk_000/Documents/Unreal Projects/unreal_engine/robosub_unreal/Content/Developers/techbeast/Collections/' was aborted.
[2018.01.09-21.49.03:232][878]LogDirectoryWatcher: A directory notification for 'D:/Users/codsk_000/Documents/Unreal Projects/unreal_engine/robosub_unreal/Saved/Collections/' was aborted.
[2018.01.09-21.49.03:233][878]LogModuleManager: Shutting down and abandoning module StatsViewer (536)
[2018.01.09-21.49.03:233][878]LogModuleManager: Shutting down and abandoning module FoliageEdit (534)
[2018.01.09-21.49.03:233][878]LogModuleManager: Shutting down and abandoning module LandscapeEditor (532)
[2018.01.09-21.49.03:233][878]LogModuleManager: Shutting down and abandoning module MeshPaintMode (530)
[2018.01.09-21.49.03:233][878]LogModuleManager: Shutting down and abandoning module SceneDepthPickerMode (528)
[2018.01.09-21.49.03:233][878]LogModuleManager: Shutting down and abandoning module ActorPickerMode (526)
[2018.01.09-21.49.03:233][878]LogModuleManager: Shutting down and abandoning module GeometryMode (524)
[2018.01.09-21.49.03:233][878]LogModuleManager: Shutting down and abandoning module TextureAlignMode (522)
[2018.01.09-21.49.03:233][878]LogModuleManager: Shutting down and abandoning module BspMode (520)
[2018.01.09-21.49.03:233][878]LogModuleManager: Shutting down and abandoning module PIEPreviewDeviceProfileSelector (518)
[2018.01.09-21.49.03:233][878]LogModuleManager: Shutting down and abandoning module HardwareSurvey (516)
[2018.01.09-21.49.03:233][878]LogModuleManager: Shutting down and abandoning module SequenceRecorderSections (514)
[2018.01.09-21.49.03:233][878]LogModuleManager: Shutting down and abandoning module AutomationWorker (512)
[2018.01.09-21.49.03:233][878]LogModuleManager: Shutting down and abandoning module MatineeToLevelSequence (510)
[2018.01.09-21.49.03:233][878]LogModuleManager: Shutting down and abandoning module LevelSequenceEditor (508)
[2018.01.09-21.49.03:233][878]LogModuleManager: Shutting down and abandoning module PlacementMode (507)
[2018.01.09-21.49.03:233][878]LogModuleManager: Shutting down and abandoning module WmfMediaFactory (504)
[2018.01.09-21.49.03:233][878]LogModuleManager: Shutting down and abandoning module WmfMediaEditor (502)
[2018.01.09-21.49.03:233][878]LogModuleManager: Shutting down and abandoning module OpenExrWrapper (500)
[2018.01.09-21.49.03:233][878]LogModuleManager: Shutting down and abandoning module ImgMediaFactory (498)
[2018.01.09-21.49.03:233][878]LogModuleManager: Shutting down and abandoning module ImgMediaEditor (496)
[2018.01.09-21.49.03:233][878]LogModuleManager: Shutting down and abandoning module AvfMediaFactory (494)
[2018.01.09-21.49.03:233][878]LogModuleManager: Shutting down and abandoning module AvfMediaEditor (492)
[2018.01.09-21.49.03:233][878]LogModuleManager: Shutting down and abandoning module AndroidMediaFactory (490)
[2018.01.09-21.49.03:233][878]LogModuleManager: Shutting down and abandoning module AndroidMediaEditor (488)
[2018.01.09-21.49.03:233][878]LogModuleManager: Shutting down and abandoning module CharacterAI (486)
[2018.01.09-21.49.03:233][878]LogModuleManager: Shutting down and abandoning module AudioCapture (484)
[2018.01.09-21.49.03:233][878]LogModuleManager: Shutting down and abandoning module SequenceRecorder (483)
[2018.01.09-21.49.03:233][878]LogModuleManager: Shutting down and abandoning module SmartSnapping (480)
[2018.01.09-21.49.03:233][878]LogModuleManager: Shutting down and abandoning module SessionServices (478)
[2018.01.09-21.49.03:233][878]LogModuleManager: Shutting down and abandoning module ViewportSnapping (476)
[2018.01.09-21.49.03:233][878]LogModuleManager: Shutting down and abandoning module ViewportInteraction (474)
[2018.01.09-21.49.03:233][878]LogModuleManager: Shutting down and abandoning module ClothPainter (472)
[2018.01.09-21.49.03:233][878]LogModuleManager: Shutting down and abandoning module SkeletalMeshEditor (471)
[2018.01.09-21.49.03:233][878]LogModuleManager: Shutting down and abandoning module LogVisualizer (468)
[2018.01.09-21.49.03:233][878]LogModuleManager: Shutting down and abandoning module IntroTutorials (466)
[2018.01.09-21.49.03:233][878]LogModuleManager: Shutting down and abandoning module GameProjectGeneration (465)
[2018.01.09-21.49.03:233][878]LogModuleManager: Shutting down and abandoning module IOSPlatformEditor (462)
[2018.01.09-21.49.03:233][878]LogModuleManager: Shutting down and abandoning module HTML5PlatformEditor (460)
[2018.01.09-21.49.03:233][878]LogModuleManager: Shutting down and abandoning module AndroidPlatformEditor (458)
[2018.01.09-21.49.03:233][878]LogModuleManager: Shutting down and abandoning module AndroidDeviceDetection (457)
[2018.01.09-21.49.03:684][878]LogModuleManager: Shutting down and abandoning module WindowsPlatformEditor (454)
[2018.01.09-21.49.03:684][878]LogModuleManager: Shutting down and abandoning module IOSRuntimeSettings (452)
[2018.01.09-21.49.03:684][878]LogModuleManager: Shutting down and abandoning module AndroidRuntimeSettings (450)
[2018.01.09-21.49.03:684][878]LogModuleManager: Shutting down and abandoning module InputBindingEditor (448)
[2018.01.09-21.49.03:684][878]LogModuleManager: Shutting down and abandoning module MergeActors (446)
[2018.01.09-21.49.03:684][878]LogModuleManager: Shutting down and abandoning module SizeMap (444)
[2018.01.09-21.49.03:684][878]LogModuleManager: Shutting down and abandoning module TreeMap (442)
[2018.01.09-21.49.03:684][878]LogModuleManager: Shutting down and abandoning module ReferenceViewer (440)
[2018.01.09-21.49.03:684][878]LogModuleManager: Shutting down and abandoning module LocalizationDashboard (438)
[2018.01.09-21.49.03:684][878]LogModuleManager: Shutting down and abandoning module LocalizationService (437)
[2018.01.09-21.49.03:684][878]LogModuleManager: Shutting down and abandoning module HardwareTargeting (434)
[2018.01.09-21.49.03:684][878]LogModuleManager: Shutting down and abandoning module DeviceProfileEditor (432)
[2018.01.09-21.49.03:684][878]LogModuleManager: Shutting down and abandoning module UndoHistory (430)
[2018.01.09-21.49.03:684][878]LogModuleManager: Shutting down and abandoning module XmlParser (428)
[2018.01.09-21.49.03:684][878]LogModuleManager: Shutting down and abandoning module Blutility (426)
[2018.01.09-21.49.03:684][878]LogModuleManager: Shutting down and abandoning module ProjectSettingsViewer (424)
[2018.01.09-21.49.03:684][878]LogModuleManager: Shutting down and abandoning module ProjectTargetPlatformEditor (423)
[2018.01.09-21.49.03:685][878]LogModuleManager: Shutting down and abandoning module EditorSettingsViewer (420)
[2018.01.09-21.49.03:685][878]LogModuleManager: Shutting down and abandoning module SettingsEditor (418)
[2018.01.09-21.49.03:685][878]LogModuleManager: Shutting down and abandoning module ProjectLauncher (416)
[2018.01.09-21.49.03:685][878]LogModuleManager: Shutting down and abandoning module SessionFrontend (414)
[2018.01.09-21.49.03:685][878]LogModuleManager: Shutting down and abandoning module ProfilerClient (412)
[2018.01.09-21.49.03:685][878]LogModuleManager: Shutting down and abandoning module DeviceManager (410)
[2018.01.09-21.49.03:685][878]LogModuleManager: Shutting down and abandoning module TargetDeviceServices (409)
[2018.01.09-21.49.03:748][878]LogModuleManager: Shutting down and abandoning module AutomationController (406)
[2018.01.09-21.49.03:748][878]LogModuleManager: Shutting down and abandoning module AutomationWindow (404)
[2018.01.09-21.49.03:748][878]LogModuleManager: Shutting down and abandoning module Layers (402)
[2018.01.09-21.49.03:748][878]LogModuleManager: Shutting down and abandoning module ComponentVisualizers (400)
[2018.01.09-21.49.03:748][878]LogModuleManager: Shutting down and abandoning module DetailCustomizations (398)
[2018.01.09-21.49.03:748][878]LogModuleManager: Shutting down and abandoning module PackagesDialog (396)
[2018.01.09-21.49.03:748][878]LogModuleManager: Shutting down and abandoning module Persona (394)
[2018.01.09-21.49.03:749][878]LogModuleManager: Shutting down and abandoning module AdvancedPreviewScene (393)
[2018.01.09-21.49.03:749][878]LogModuleManager: Shutting down and abandoning module AnimGraph (391)
[2018.01.09-21.49.03:749][878]LogModuleManager: Shutting down and abandoning module Kismet (388)
[2018.01.09-21.49.03:749][878]LogModuleManager: Shutting down and abandoning module ClassViewer (386)
[2018.01.09-21.49.03:749][878]LogModuleManager: Shutting down and abandoning module Toolbox (384)
[2018.01.09-21.49.03:749][878]LogModuleManager: Shutting down and abandoning module ModuleUI (382)
[2018.01.09-21.49.03:749][878]LogModuleManager: Shutting down and abandoning module MovieSceneTools (380)
[2018.01.09-21.49.03:749][878]LogModuleManager: Shutting down and abandoning module OutputLog (378)
[2018.01.09-21.49.03:749][878]LogModuleManager: Shutting down and abandoning module GammaUI (376)
[2018.01.09-21.49.03:749][878]LogModuleManager: Shutting down and abandoning module Documentation (374)
[2018.01.09-21.49.03:749][878]LogModuleManager: Shutting down and abandoning module MovieSceneTracks (372)
[2018.01.09-21.49.03:749][878]LogModuleManager: Shutting down and abandoning module MovieScene (370)
[2018.01.09-21.49.03:749][878]LogModuleManager: Shutting down and abandoning module StreamingPauseRendering (368)
[2018.01.09-21.49.03:749][878]LogModuleManager: Shutting down and abandoning module LauncherPlatform (366)
[2018.01.09-21.49.03:749][878]LogModuleManager: Shutting down and abandoning module AnalyticsET (364)
[2018.01.09-21.49.03:749][878]LogModuleManager: Shutting down and abandoning module PortalServices (362)
[2018.01.09-21.49.03:749][878]LogModuleManager: Shutting down and abandoning module PortalRpc (360)
[2018.01.09-21.49.03:749][878]LogModuleManager: Shutting down and abandoning module MessagingRpc (358)
[2018.01.09-21.49.03:749][878]LogModuleManager: Shutting down and abandoning module AIModule (356)
[2018.01.09-21.49.03:749][878]LogModuleManager: Shutting down and abandoning module GameplayDebugger (355)
[2018.01.09-21.49.03:749][878]LogModuleManager: Shutting down and abandoning module AITestSuite (353)
[2018.01.09-21.49.03:749][878]LogModuleManager: Shutting down and abandoning module ProfilerService (350)
[2018.01.09-21.49.03:854][878]LogModuleManager: Shutting down and abandoning module TaskGraph (348)
[2018.01.09-21.49.03:854][878]LogModuleManager: Shutting down and abandoning module SteamVRController (346)
[2018.01.09-21.49.03:854][878]LogModuleManager: Shutting down and abandoning module ProceduralMeshComponentEditor (344)
[2018.01.09-21.49.03:854][878]LogModuleManager: Shutting down and abandoning module ProceduralMeshComponent (342)
[2018.01.09-21.49.03:854][878]LogModuleManager: Shutting down and abandoning module OculusInput (340)
[2018.01.09-21.49.03:854][878]LogModuleManager: Shutting down and abandoning module MobilePatchingUtils (338)
[2018.01.09-21.49.03:854][878]LogModuleManager: Shutting down and abandoning module CustomMeshComponent (336)
[2018.01.09-21.49.03:854][878]LogModuleManager: Shutting down and abandoning module CableComponent (334)
[2018.01.09-21.49.03:854][878]LogModuleManager: Shutting down and abandoning module ArchVisCharacter (332)
[2018.01.09-21.49.03:854][878]LogModuleManager: Shutting down and abandoning module AndroidPermission (330)
[2018.01.09-21.49.03:854][878]LogModuleManager: Shutting down and abandoning module ActorSequence (326)
[2018.01.09-21.49.03:854][878]LogModuleManager: Shutting down and abandoning module MediaPlayerEditor (324)
[2018.01.09-21.49.03:854][878]LogModuleManager: Shutting down and abandoning module MediaCompositingEditor (322)
[2018.01.09-21.49.03:854][878]LogModuleManager: Shutting down and abandoning module MediaCompositing (320)
[2018.01.09-21.49.03:854][878]LogModuleManager: Shutting down and abandoning module HTML5Networking (318)
[2018.01.09-21.49.03:854][878]LogModuleManager: Shutting down and abandoning module AlembicImporter (316)
[2018.01.09-21.49.03:854][878]LogModuleManager: Shutting down and abandoning module AlembicLibrary (315)
[2018.01.09-21.49.03:854][878]LogModuleManager: Shutting down and abandoning module GeometryCache (314)
[2018.01.09-21.49.03:854][878]LogModuleManager: Shutting down and abandoning module GeometryCacheEd (313)
[2018.01.09-21.49.03:854][878]LogModuleManager: Shutting down and abandoning module SpeedTreeImporter (308)
[2018.01.09-21.49.03:854][878]LogModuleManager: Shutting down and abandoning module PluginBrowser (306)
[2018.01.09-21.49.03:854][878]LogModuleManager: Shutting down and abandoning module MobileLauncherProfileWizard (304)
[2018.01.09-21.49.03:854][878]LogModuleManager: Shutting down and abandoning module VisualStudioSourceCodeAccess (302)
[2018.01.09-21.49.03:854][878]LogModuleManager: Shutting down and abandoning module VisualStudioCodeSourceCodeAccess (300)
[2018.01.09-21.49.03:854][878]LogModuleManager: Shutting down and abandoning module UObjectPlugin (298)
[2018.01.09-21.49.03:854][878]LogModuleManager: Shutting down and abandoning module SubversionSourceControl (296)
[2018.01.09-21.49.03:854][878]LogModuleManager: Shutting down and abandoning module PerforceSourceControl (294)
[2018.01.09-21.49.03:854][878]LogModuleManager: Shutting down and abandoning module GitSourceControl (292)
[2018.01.09-21.49.03:854][878]LogModuleManager: Shutting down and abandoning module SourceControl (291)
[2018.01.09-21.49.03:854][878]LogModuleManager: Shutting down and abandoning module LightPropagationVolumeEditor (288)
[2018.01.09-21.49.03:854][878]LogModuleManager: Shutting down and abandoning module PaperTiledImporter (286)
[2018.01.09-21.49.03:854][878]LogModuleManager: Shutting down and abandoning module PaperSpriteSheetImporter (284)
[2018.01.09-21.49.03:854][878]LogModuleManager: Shutting down and abandoning module Paper2DEditor (282)
[2018.01.09-21.49.03:854][878]LogModuleManager: Shutting down and abandoning module MeshPaint (281)
[2018.01.09-21.49.03:854][878]LogModuleManager: Shutting down and abandoning module LevelEditor (279)
[2018.01.09-21.49.03:855][878]LogModuleManager: Shutting down and abandoning module PixelInspectorModule (278)
[2018.01.09-21.49.03:855][878]LogModuleManager: Shutting down and abandoning module MainFrame (276)
[2018.01.09-21.49.03:855][878]LogModuleManager: Shutting down and abandoning module HotReload (275)
[2018.01.09-21.49.03:855][878]LogDirectoryWatcher: A directory notification for 'D:/Users/codsk_000/Documents/Unreal Projects/unreal_engine/robosub_unreal/Binaries/Win64' was aborted.
[2018.01.09-21.49.03:856][878]LogModuleManager: Shutting down and abandoning module RuntimePhysXCooking (268)
[2018.01.09-21.49.03:856][878]LogModuleManager: Shutting down and abandoning module PhysXVehiclesEditor (266)
[2018.01.09-21.49.03:856][878]LogModuleManager: Shutting down and abandoning module PhysXVehicles (264)
[2018.01.09-21.49.03:856][878]LogModuleManager: Shutting down and abandoning module OculusEditor (262)
[2018.01.09-21.49.03:856][878]LogModuleManager: Shutting down and abandoning module LocationServicesBPLibrary (260)
[2018.01.09-21.49.03:856][878]LogModuleManager: Shutting down and abandoning module ImmediatePhysicsEditor (258)
[2018.01.09-21.49.03:856][878]LogModuleManager: Shutting down and abandoning module ImmediatePhysics (256)
[2018.01.09-21.49.03:856][878]LogModuleManager: Shutting down and abandoning module UdpMessaging (254)
[2018.01.09-21.49.03:957][878]LogModuleManager: Shutting down and abandoning module TcpMessaging (252)
[2018.01.09-21.49.04:057][878]LogModuleManager: Shutting down and abandoning module GameplayTagsEditor (250)
[2018.01.09-21.49.04:057][878]LogModuleManager: Shutting down and abandoning module FacialAnimationEditor (248)
[2018.01.09-21.49.04:057][878]LogModuleManager: Shutting down and abandoning module FacialAnimation (246)
[2018.01.09-21.49.04:057][878]LogModuleManager: Shutting down and abandoning module AssetManagerEditor (244)
[2018.01.09-21.49.04:057][878]LogModuleManager: Shutting down and abandoning module GraphEditor (243)
[2018.01.09-21.49.04:057][878]LogModuleManager: Shutting down and abandoning module ContentBrowser (241)
[2018.01.09-21.49.04:059][878]LogModuleManager: Shutting down and abandoning module LightPropagationVolumeRuntime (238)
[2018.01.09-21.49.04:059][878]LogModuleManager: Shutting down and abandoning module Paper2D (236)
[2018.01.09-21.49.04:059][878]LogModuleManager: Shutting down and abandoning module WindowsMoviePlayer (234)
[2018.01.09-21.49.04:059][878]LogModuleManager: Shutting down and abandoning module WmfMedia (232)
[2018.01.09-21.49.04:061][878]LogModuleManager: Shutting down and abandoning module ImgMedia (230)
[2018.01.09-21.49.04:061][878]LogModuleManager: Shutting down and abandoning module PacketHandler (228)
[2018.01.09-21.49.04:061][878]LogModuleManager: Shutting down and abandoning module ClothingSystemEditor (226)
[2018.01.09-21.49.04:061][878]LogModuleManager: Shutting down and abandoning module ClothingSystemRuntime (224)
[2018.01.09-21.49.04:061][878]LogModuleManager: Shutting down and abandoning module MediaAssets (222)
[2018.01.09-21.49.04:061][878]LogModuleManager: Shutting down and abandoning module Media (221)
[2018.01.09-21.49.04:067][878]LogModuleManager: Shutting down and abandoning module Overlay (218)
[2018.01.09-21.49.04:067][878]LogModuleManager: Shutting down and abandoning module OverlayEditor (217)
[2018.01.09-21.49.04:067][878]LogModuleManager: Shutting down and abandoning module VREditor (214)
[2018.01.09-21.49.04:067][878]LogModuleManager: Shutting down and abandoning module StringTableEditor (212)
[2018.01.09-21.49.04:067][878]LogModuleManager: Shutting down and abandoning module GameplayTasksEditor (210)
[2018.01.09-21.49.04:067][878]LogModuleManager: Shutting down and abandoning module BehaviorTreeEditor (208)
[2018.01.09-21.49.04:067][878]LogModuleManager: Shutting down and abandoning module FunctionalTesting (206)
[2018.01.09-21.49.04:067][878]LogModuleManager: Shutting down and abandoning module CollisionAnalyzer (204)
[2018.01.09-21.49.04:067][878]LogModuleManager: Shutting down and abandoning module WorkspaceMenuStructure (203)
[2018.01.09-21.49.04:067][878]LogModuleManager: Shutting down and abandoning module UMG (200)
[2018.01.09-21.49.04:067][878]LogModuleManager: Shutting down and abandoning module UMGEditor (199)
[2018.01.09-21.49.04:067][878]LogModuleManager: Shutting down and abandoning module Sequencer (198)
[2018.01.09-21.49.04:067][878]LogModuleManager: Shutting down and abandoning module MessageLog (195)
[2018.01.09-21.49.04:067][878]LogModuleManager: Shutting down and abandoning module SlateReflector (190)
[2018.01.09-21.49.04:067][878]LogModuleManager: Shutting down and abandoning module Slate (188)
[2018.01.09-21.49.04:067][878]LogModuleManager: Shutting down and abandoning module EditorStyle (186)
[2018.01.09-21.49.04:069][878]LogModuleManager: Shutting down and abandoning module MRMesh (184)
[2018.01.09-21.49.04:069][878]LogModuleManager: Shutting down and abandoning module SourceCodeAccess (182)
[2018.01.09-21.49.04:069][878]LogModuleManager: Shutting down and abandoning module HeadMountedDisplay (180)
[2018.01.09-21.49.04:069][878]LogModuleManager: Shutting down and abandoning module XAudio2 (178)
[2018.01.09-21.49.04:069][878]LogModuleManager: Shutting down and abandoning module Networking (176)
[2018.01.09-21.49.04:069][878]LogModuleManager: Shutting down and abandoning module Core (172)
[2018.01.09-21.49.04:069][878]LogModuleManager: Shutting down and abandoning module LevelSequence (168)
[2018.01.09-21.49.04:069][878]LogModuleManager: Shutting down and abandoning module DirectoryWatcher (166)
[2018.01.09-21.49.04:071][878]LogModuleManager: Shutting down and abandoning module KismetCompiler (164)
[2018.01.09-21.49.04:071][878]LogModuleManager: Shutting down and abandoning module MeshUtilities (162)
[2018.01.09-21.49.04:071][878]LogModuleManager: Shutting down and abandoning module MeshMergeUtilities (161)
[2018.01.09-21.49.04:071][878]LogModuleManager: Shutting down and abandoning module MeshReductionInterface (160)
[2018.01.09-21.49.04:071][878]LogModuleManager: Shutting down and abandoning module SimplygonSwarm (159)
[2018.01.09-21.49.04:071][878]LogModuleManager: Shutting down and abandoning module SimplygonMeshReduction (157)
[2018.01.09-21.49.04:071][878]LogModuleManager: Shutting down and abandoning module QuadricMeshReduction (155)
[2018.01.09-21.49.04:071][878]LogModuleManager: Shutting down and abandoning module MaterialBaking (151)
[2018.01.09-21.49.04:071][878]LogModuleManager: Shutting down and abandoning module DerivedDataCache (148)
[2018.01.09-21.49.04:075][878]LogDerivedDataCache: Shutdown
[2018.01.09-21.49.04:075][878]LogModuleManager: Shutting down and abandoning module TargetPlatform (146)
[2018.01.09-21.49.04:075][878]LogModuleManager: Shutting down and abandoning module VulkanShaderFormat (145)
[2018.01.09-21.49.04:075][878]LogModuleManager: Shutting down and abandoning module ShaderFormatVectorVM (143)
[2018.01.09-21.49.04:075][878]LogModuleManager: Shutting down and abandoning module ShaderFormatOpenGL (141)
[2018.01.09-21.49.04:075][878]LogModuleManager: Shutting down and abandoning module ShaderFormatD3D (139)
[2018.01.09-21.49.04:075][878]LogModuleManager: Shutting down and abandoning module MetalShaderFormat (137)
[2018.01.09-21.49.04:075][878]LogModuleManager: Shutting down and abandoning module TextureFormatUncompressed (135)
[2018.01.09-21.49.04:075][878]LogModuleManager: Shutting down and abandoning module TextureFormatPVR (133)
[2018.01.09-21.49.04:075][878]LogModuleManager: Shutting down and abandoning module TextureFormatDXT (131)
[2018.01.09-21.49.04:075][878]LogModuleManager: Shutting down and abandoning module TextureFormatIntelISPCTexComp (129)
[2018.01.09-21.49.04:075][878]LogModuleManager: Shutting down and abandoning module TextureFormatASTC (127)
[2018.01.09-21.49.04:075][878]LogModuleManager: Shutting down and abandoning module ImageWrapper (126)
[2018.01.09-21.49.04:075][878]LogModuleManager: Shutting down and abandoning module TextureFormatAndroid (123)
[2018.01.09-21.49.04:075][878]LogModuleManager: Shutting down and abandoning module AudioFormatOpus (121)
[2018.01.09-21.49.04:075][878]LogModuleManager: Shutting down and abandoning module AudioFormatOgg (119)
[2018.01.09-21.49.04:075][878]LogModuleManager: Shutting down and abandoning module AudioFormatADPCM (117)
[2018.01.09-21.49.04:075][878]LogModuleManager: Shutting down and abandoning module LinuxTargetPlatform (115)
[2018.01.09-21.49.04:075][878]LogModuleManager: Shutting down and abandoning module LinuxServerTargetPlatform (113)
[2018.01.09-21.49.04:075][878]LogModuleManager: Shutting down and abandoning module LinuxNoEditorTargetPlatform (111)
[2018.01.09-21.49.04:075][878]LogModuleManager: Shutting down and abandoning module LinuxClientTargetPlatform (109)
[2018.01.09-21.49.04:075][878]LogModuleManager: Shutting down and abandoning module TVOSTargetPlatform (107)
[2018.01.09-21.49.04:075][878]LogModuleManager: Shutting down and abandoning module Messaging (105)
[2018.01.09-21.49.04:075][878]LogModuleManager: Shutting down and abandoning module IOSTargetPlatform (103)
[2018.01.09-21.49.04:075][878]LogModuleManager: Shutting down and abandoning module HTML5TargetPlatform (101)
[2018.01.09-21.49.04:075][878]LogModuleManager: Shutting down and abandoning module AndroidTargetPlatform (99)
[2018.01.09-21.49.04:075][878]LogModuleManager: Shutting down and abandoning module Android_PVRTCTargetPlatform (97)
[2018.01.09-21.49.04:075][878]LogModuleManager: Shutting down and abandoning module Android_MultiTargetPlatform (95)
[2018.01.09-21.49.04:075][878]LogModuleManager: Shutting down and abandoning module Android_ETC2TargetPlatform (93)
[2018.01.09-21.49.04:075][878]LogModuleManager: Shutting down and abandoning module Android_ETC1TargetPlatform (91)
[2018.01.09-21.49.04:075][878]LogModuleManager: Shutting down and abandoning module Android_DXTTargetPlatform (89)
[2018.01.09-21.49.04:075][878]LogModuleManager: Shutting down and abandoning module Android_ATCTargetPlatform (87)
[2018.01.09-21.49.04:076][878]LogModuleManager: Shutting down and abandoning module Android_ASTCTargetPlatform (85)
[2018.01.09-21.49.04:076][878]LogModuleManager: Shutting down and abandoning module WindowsTargetPlatform (83)
[2018.01.09-21.49.04:076][878]LogModuleManager: Shutting down and abandoning module WindowsServerTargetPlatform (81)
[2018.01.09-21.49.04:076][878]LogModuleManager: Shutting down and abandoning module WindowsNoEditorTargetPlatform (79)
[2018.01.09-21.49.04:076][878]LogModuleManager: Shutting down and abandoning module WindowsClientTargetPlatform (77)
[2018.01.09-21.49.04:076][878]LogModuleManager: Shutting down and abandoning module MacTargetPlatform (75)
[2018.01.09-21.49.04:076][878]LogModuleManager: Shutting down and abandoning module MacServerTargetPlatform (73)
[2018.01.09-21.49.04:076][878]LogModuleManager: Shutting down and abandoning module MacNoEditorTargetPlatform (71)
[2018.01.09-21.49.04:076][878]LogModuleManager: Shutting down and abandoning module MacClientTargetPlatform (69)
[2018.01.09-21.49.04:076][878]LogModuleManager: Shutting down and abandoning module AllDesktopTargetPlatform (67)
[2018.01.09-21.49.04:076][878]LogModuleManager: Shutting down and abandoning module InputCore (64)
[2018.01.09-21.49.04:076][878]LogModuleManager: Shutting down and abandoning module Settings (62)
[2018.01.09-21.49.04:076][878]LogModuleManager: Shutting down and abandoning module PhysXCooking (60)
[2018.01.09-21.49.04:076][878]LogModuleManager: Shutting down and abandoning module SteamVR (58)
[2018.01.09-21.49.04:076][878]LogModuleManager: Shutting down and abandoning module OculusHMD (56)
[2018.01.09-21.49.04:076][878]LogModuleManager: Shutting down and abandoning module ExampleDeviceProfileSelector (54)
[2018.01.09-21.49.04:076][878]LogModuleManager: Shutting down and abandoning module AppleARKit (52)
[2018.01.09-21.49.04:076][878]LogModuleManager: Shutting down and abandoning module AugmentedReality (51)
[2018.01.09-21.49.04:076][878]LogModuleManager: Shutting down and abandoning module OnlineBlueprintSupport (48)
[2018.01.09-21.49.04:076][878]LogModuleManager: Shutting down and abandoning module OnlineSubsystem (44)
[2018.01.09-21.49.04:076][878]LogModuleManager: Shutting down and abandoning module XMPP (43)
[2018.01.09-21.49.04:076][878]LogModuleManager: Shutting down and abandoning module HTTP (41)
[2018.01.09-21.49.04:076][878]LogHttp: Display: Http module shutting down, but needs to wait on 1 outstanding Http requests:
[2018.01.09-21.49.04:076][878]LogHttp: Display: 	verb=[POST] url=[https://datarouter.ol.epicgames.com/datarouter/api/v1/public/data?SessionID=%7BCA9DDDDE-4C4C-7C61-4877-AE8B0C0C0093%7D&AppID=UEEditor.Rocket.Release&AppVersion=4.18.0-3709383%2B%2B%2BUE4%2BRelease-4.18&UserID=03b1e0fd4ecdfdec13d6239735e0335b%7C61d03232c46c4c4e827dec06c554f307%7C67eec033-e57f-4c78-a05c-f5682113dbb9&AppEnvironment=datacollector-binary&UploadType=eteventstream] status=Processing
[2018.01.09-21.49.04:099][878]LogModuleManager: Shutting down and abandoning module SSL (40)
[2018.01.09-21.49.04:101][878]LogModuleManager: Shutting down and abandoning module AnimationModifiers (36)
[2018.01.09-21.49.04:101][878]LogModuleManager: Shutting down and abandoning module PropertyEditor (35)
[2018.01.09-21.49.04:101][878]LogModuleManager: Shutting down and abandoning module AudioEditor (32)
[2018.01.09-21.49.04:101][878]LogModuleManager: Shutting down and abandoning module TextureCompressor (30)
[2018.01.09-21.49.04:101][878]LogModuleManager: Shutting down and abandoning module ShaderCore (28)
[2018.01.09-21.49.04:101][878]LogModuleManager: Shutting down and abandoning module Landscape (26)
[2018.01.09-21.49.04:101][878]LogModuleManager: Shutting down and abandoning module SlateRHIRenderer (24)
[2018.01.09-21.49.04:102][878]LogModuleManager: Shutting down and abandoning module OpenGLDrv (22)
[2018.01.09-21.49.04:102][878]LogModuleManager: Shutting down and abandoning module D3D11RHI (20)
[2018.01.09-21.49.04:102][878]LogModuleManager: Shutting down and abandoning module AnimGraphRuntime (18)
[2018.01.09-21.49.04:102][878]LogModuleManager: Shutting down and abandoning module Renderer (16)
[2018.01.09-21.49.04:102][878]LogModuleManager: Shutting down and abandoning module Engine (14)
[2018.01.09-21.49.04:102][878]LogModuleManager: Shutting down and abandoning module CoreUObject (12)
[2018.01.09-21.49.04:102][878]LogModuleManager: Shutting down and abandoning module NetworkFile (10)
[2018.01.09-21.49.04:102][878]LogModuleManager: Shutting down and abandoning module CookedIterativeFile (8)
[2018.01.09-21.49.04:102][878]LogModuleManager: Shutting down and abandoning module StreamingFile (6)
[2018.01.09-21.49.04:102][878]LogModuleManager: Shutting down and abandoning module SandboxFile (4)
[2018.01.09-21.49.04:102][878]LogModuleManager: Shutting down and abandoning module PakFile (2)
[2018.01.09-21.49.04:106][878]LogExit: Exiting.
[2018.01.09-21.49.04:122][878]Log file closed, 01/09/18 14:49:04
